[I 2021-10-12 21:11:51.746 ServerApp] jupyterlab | extension was successfully linked.
[W 2021-10-12 21:11:51.749 NotebookApp] 'password' has moved from NotebookApp to ServerApp. This config will be passed to ServerApp. Be sure to update your config before our next release.
[W 2021-10-12 21:11:51.749 NotebookApp] 'password' has moved from NotebookApp to ServerApp. This config will be passed to ServerApp. Be sure to update your config before our next release.
[I 2021-10-12 21:11:51.759 ServerApp] Writing Jupyter server cookie secret to /Users/hu5ky5n0w/Library/Jupyter/runtime/jupyter_cookie_secret
[W 2021-10-12 21:11:51.890 ServerApp] The module 'nbextensions' could not be found. Are you sure the extension is installed?
[W 2021-10-12 21:11:51.890 ServerApp] The module 'ipyparallel.nbextension' could not be found. Are you sure the extension is installed?
[I 2021-10-12 21:11:51.890 ServerApp] nbclassic | extension was successfully linked.
[I 2021-10-12 21:11:51.922 ServerApp] nbclassic | extension was successfully loaded.
[I 2021-10-12 21:11:51.923 LabApp] JupyterLab extension loaded from /Users/hu5ky5n0w/Projects/Bitcoin/programmingbitcoin/.venv/lib/python3.9/site-packages/jupyterlab
[I 2021-10-12 21:11:51.923 LabApp] JupyterLab application directory is /Users/hu5ky5n0w/Projects/Bitcoin/programmingbitcoin/.venv/share/jupyter/lab
[I 2021-10-12 21:11:51.926 ServerApp] jupyterlab | extension was successfully loaded.
[I 2021-10-12 21:11:51.927 ServerApp] Serving notebooks from local directory: /Users/hu5ky5n0w/Projects/Bitcoin/programmingbitcoin
[I 2021-10-12 21:11:51.927 ServerApp] Jupyter Server 1.11.1 is running at:
[I 2021-10-12 21:11:51.927 ServerApp] http://localhost:8888/lab
[I 2021-10-12 21:11:51.927 ServerApp]  or http://127.0.0.1:8888/lab
[I 2021-10-12 21:11:51.927 ServerApp] Use Control-C to stop this server and shut down all kernels (twice to skip confirmation).
[W 2021-10-12 21:11:52.179 ServerApp] Clearing invalid/expired login cookie username-localhost-8888
[W 2021-10-12 21:11:52.181 ServerApp] Forbidden
[W 2021-10-12 21:11:52.181 ServerApp] 403 GET /api/sessions?_=1634087454726 (::1) 3.68ms referer=http://localhost:8888/tree
[W 2021-10-12 21:11:52.184 ServerApp] Clearing invalid/expired login cookie username-localhost-8888
[W 2021-10-12 21:11:52.184 ServerApp] Forbidden
[W 2021-10-12 21:11:52.185 ServerApp] 403 GET /api/terminals?_=1634087454727 (::1) 1.49ms referer=http://localhost:8888/tree
[I 2021-10-12 21:11:53.255 LabApp] 302 GET /lab (::1) 0.78ms
[I 2021-10-12 21:11:57.399 ServerApp] 302 POST /login?next=%2Flab (::1) 1.01ms
[I 2021-10-12 21:11:59.991 LabApp] Build is up to date
[W 2021-10-12 21:12:31.510 ServerApp] Notebook code-ch01/Chapter1.ipynb is not trusted
[I 2021-10-12 21:12:36.357 ServerApp] Kernel started: 05a5b3ac-84f7-454d-9644-6be75e3bc947
[I 2021-10-12 21:14:31.936 ServerApp] Saving file at /code-ch01/Chapter1.ipynb
[I 2021-10-12 21:16:08.210 ServerApp] Saving file at /code-ch01/ecc.py
[I 2021-10-12 21:16:32.054 ServerApp] Saving file at /code-ch01/Chapter1.ipynb
[I 2021-10-12 21:16:42.919 ServerApp] Saving file at /code-ch01/ecc.py
[I 2021-10-12 21:18:31.880 ServerApp] Saving file at /code-ch01/ecc.py
[I 2021-10-12 21:18:32.853 ServerApp] Saving file at /code-ch01/Chapter1.ipynb
[I 2021-10-12 21:18:45.212 ServerApp] Saving file at /code-ch01/ecc.py
[I 2021-10-12 21:19:07.272 ServerApp] Saving file at /code-ch01/ecc.py
[I 2021-10-12 21:20:33.552 ServerApp] Saving file at /code-ch01/Chapter1.ipynb
[I 2021-10-12 21:26:35.379 ServerApp] Saving file at /code-ch01/Chapter1.ipynb
[I 2021-10-12 21:28:06.048 ServerApp] Saving file at /code-ch01/ecc.py
[I 2021-10-12 21:28:19.519 ServerApp] Saving file at /code-ch01/Chapter1.ipynb
[C 2021-10-12 21:44:08.358 ServerApp] received signal 15, stopping
[I 2021-10-12 21:44:08.360 ServerApp] Shutting down 2 extensions
[I 2021-10-12 21:44:08.360 ServerApp] Shutting down 1 kernel
[I 2021-10-12 21:44:08.361 ServerApp] Kernel shutdown: 05a5b3ac-84f7-454d-9644-6be75e3bc947
[I 2021-10-12 21:44:09.287 ServerApp] Shutting down 0 terminals
